INFO - NONE:Using: /home/tech/Git/lfsScripted/etc/versionCheck
INFO - NONE:Reading config file into variables
INFO - versionCheck:Check if source package exists
INFO - versionCheck:Setting up command files list.
INFO - versionCheck:Adjusting unpack command.
INFO - versionCheck:Unknown command: depchek
INFO - versionCheck:Running dependency check scripts
INFO - versionCheck:Checking if bash is installed.
INFO - versionCheck:Found it. Checking Version.
INFO - versionCheck:Checking version: Installed:  Needed: 3
ERROR - versionCheck:Error,bash version is no good, I found 4.4.
INFO - versionCheck:Checking if ld is installed.
INFO - versionCheck:Found it. Checking Version.
INFO - versionCheck:Checking version: Installed:  Needed: 2
ERROR - versionCheck:Error,ld version is no good, I found 2.31, 2.25 needed.
INFO - versionCheck:Checking if bison is installed.
INFO - versionCheck:Found it. Checking Version.
INFO - versionCheck:Checking version: Installed:  Needed: 2
ERROR - versionCheck:Error,bison version is no good, I found 3.0.5, 2.7 needed.
INFO - versionCheck:Checking if bzip2 is installed.
INFO - versionCheck:Found it. Checking Version.
INFO - versionCheck:Checking version: Installed:  Needed: 1
ERROR - versionCheck:Error,bzip2 version is no good, I found 1.0.6, 1.0.4 needed.
INFO - versionCheck:Checking if diff is installed.
INFO - versionCheck:Found it. Checking Version.
INFO - versionCheck:Checking version: Installed:  Needed: 2
ERROR - versionCheck:Error,diff version is no good, I found 3.6, 2.8.1 needed.
INFO - versionCheck:Checking if find is installed.
INFO - versionCheck:Found it. Checking Version.
INFO - versionCheck:Checking version: Installed:  Needed: 4
ERROR - versionCheck:Error,find version is no good, I found 4.6.0, 4.2.31 needed.
INFO - versionCheck:Checking if gawk is installed.
INFO - versionCheck:Found it. Checking Version.
INFO - versionCheck:Checking version: Installed:  Needed: 4
ERROR - versionCheck:Error,gawk version is no good, I found 4.2.1, 4.0.1 needed.
INFO - versionCheck:Checking if gcc is installed.
INFO - versionCheck:Found it. Checking Version.
INFO - versionCheck:Checking version: Installed:  Needed: 4
ERROR - versionCheck:Error,gcc version is no good, I found 8.2.0, 4.9 needed.
INFO - versionCheck:Checking if glibc is installed.
ERROR - versionCheck:Could not find it.
INFO - versionCheck:Checking if grep is installed.
INFO - versionCheck:Found it. Checking Version.
INFO - versionCheck:Checking version: Installed:  Needed: 2
ERROR - versionCheck:Error,grep version is no good, I found (GNU libc) 2.28, 2.5.1a needed.
INFO - versionCheck:Checking if gzip is installed.
INFO - versionCheck:Found it. Checking Version.
INFO - versionCheck:Checking version: Installed:  Needed: 1
ERROR - versionCheck:Error,gzip version is no good, I found 3.1, 1.3.12 needed.
INFO - versionCheck:Checking if m4 is installed.
INFO - versionCheck:Found it. Checking Version.
INFO - versionCheck:Checking version: Installed:  Needed: 1
ERROR - versionCheck:Error,m4 version is no good, I found gzip 1.9, 1.4.10 needed.
INFO - versionCheck:Checking if make is installed.
INFO - versionCheck:Found it. Checking Version.
INFO - versionCheck:Checking version: Installed:  Needed: 4
ERROR - versionCheck:Error,make version is no good, I found Linux version 4.18.5 (root@lfs) (gcc version 8.2.0 (GCC)) #12 SMP Sat Nov 24 17:50:28 CST 2018, 4.0 needed.
INFO - versionCheck:Checking if patch is installed.
INFO - versionCheck:Found it. Checking Version.
INFO - versionCheck:Checking version: Installed:  Needed: 2
ERROR - versionCheck:Error,patch version is no good, I found m4 (GNU M4) 1.4.18, 2.5.4 needed.
INFO - versionCheck:Checking if perl is installed.
INFO - versionCheck:Found it. Checking Version.
INFO - versionCheck:Checking version: Installed:  Needed: 5
ERROR - versionCheck:Error,perl version is no good, I found GNU Make 4.2.1, 5.8.8 needed.
INFO - versionCheck:Checking if sed is installed.
INFO - versionCheck:Found it. Checking Version.
INFO - versionCheck:Checking version: Installed:  Needed: 4
ERROR - versionCheck:Error,sed version is no good, I found 2.7.6, 4.1.5 needed.
INFO - versionCheck:Checking if tar is installed.
INFO - versionCheck:Found it. Checking Version.
INFO - versionCheck:Checking version: Installed:  Needed: 1
ERROR - versionCheck:Error,tar version is no good, I found 5.28.0, 1.2.2 needed.
INFO - versionCheck:Checking if makeinfo is installed.
INFO - versionCheck:Found it. Checking Version.
INFO - versionCheck:Checking version: Installed:  Needed: 4
ERROR - versionCheck:Error,makeinfo version is no good, I found sed (GNU sed) 4.5, 4.7 needed.
INFO - versionCheck:Checking if xz is installed.
INFO - versionCheck:Found it. Checking Version.
INFO - versionCheck:Checking version: Installed:  Needed: 5
ERROR - versionCheck:Error,xz version is no good, I found 1.30, 5.0.0 needed.
INFO - versionCheck:Running dependency check scripts
INFO - versionCheck:Checking if bash is installed.
INFO - versionCheck:Found it. Checking Version.
INFO - versionCheck:Checking version: Installed:  Needed: 3
ERROR - versionCheck:Error,bash version is no good, I found 4.4.
INFO - versionCheck:Checking if ld is installed.
INFO - versionCheck:Found it. Checking Version.
INFO - versionCheck:Checking version: Installed:  Needed: 2
ERROR - versionCheck:Error,ld version is no good, I found 2.31, 2.25 needed.
INFO - versionCheck:Checking if bison is installed.
INFO - versionCheck:Found it. Checking Version.
INFO - versionCheck:Checking version: Installed:  Needed: 2
ERROR - versionCheck:Error,bison version is no good, I found 3.0.5, 2.7 needed.
INFO - versionCheck:Checking if bzip2 is installed.
INFO - versionCheck:Found it. Checking Version.
INFO - versionCheck:Checking version: Installed:  Needed: 1
ERROR - versionCheck:Error,bzip2 version is no good, I found 1.0.6, 1.0.4 needed.
INFO - versionCheck:Checking if diff is installed.
INFO - versionCheck:Found it. Checking Version.
INFO - versionCheck:Checking version: Installed:  Needed: 2
ERROR - versionCheck:Error,diff version is no good, I found 3.6, 2.8.1 needed.
INFO - versionCheck:Checking if find is installed.
INFO - versionCheck:Found it. Checking Version.
INFO - versionCheck:Checking version: Installed:  Needed: 4
ERROR - versionCheck:Error,find version is no good, I found 4.6.0, 4.2.31 needed.
INFO - versionCheck:Checking if gawk is installed.
INFO - versionCheck:Found it. Checking Version.
INFO - versionCheck:Checking version: Installed:  Needed: 4
ERROR - versionCheck:Error,gawk version is no good, I found 4.2.1, 4.0.1 needed.
INFO - versionCheck:Checking if gcc is installed.
INFO - versionCheck:Found it. Checking Version.
INFO - versionCheck:Checking version: Installed:  Needed: 4
ERROR - versionCheck:Error,gcc version is no good, I found 8.2.0, 4.9 needed.
INFO - versionCheck:Checking if glibc is installed.
ERROR - versionCheck:Could not find it.
INFO - versionCheck:Checking if grep is installed.
INFO - versionCheck:Found it. Checking Version.
INFO - versionCheck:Checking version: Installed:  Needed: 2
ERROR - versionCheck:Error,grep version is no good, I found 3.1, 2.5.1a needed.
INFO - versionCheck:Checking if gzip is installed.
INFO - versionCheck:Found it. Checking Version.
INFO - versionCheck:Checking version: Installed:  Needed: 1
ERROR - versionCheck:Error,gzip version is no good, I found gzip 1.9, 1.3.12 needed.
INFO - versionCheck:Checking if m4 is installed.
INFO - versionCheck:Found it. Checking Version.
INFO - versionCheck:Checking version: Installed:  Needed: 1
ERROR - versionCheck:Error,m4 version is no good, I found m4 (GNU M4) 1.4.18, 1.4.10 needed.
INFO - versionCheck:Checking if make is installed.
INFO - versionCheck:Found it. Checking Version.
INFO - versionCheck:Checking version: Installed:  Needed: 4
ERROR - versionCheck:Error,make version is no good, I found GNU Make 4.2.1, 4.0 needed.
INFO - versionCheck:Checking if patch is installed.
INFO - versionCheck:Found it. Checking Version.
INFO - versionCheck:Checking version: Installed:  Needed: 2
ERROR - versionCheck:Error,patch version is no good, I found 2.7.6, 2.5.4 needed.
INFO - versionCheck:Checking if perl is installed.
INFO - versionCheck:Found it. Checking Version.
INFO - versionCheck:Checking version: Installed:  Needed: 5
ERROR - versionCheck:Error,perl version is no good, I found 5.28.0, 5.8.8 needed.
INFO - versionCheck:Checking if sed is installed.
INFO - versionCheck:Found it. Checking Version.
INFO - versionCheck:Checking version: Installed:  Needed: 4
ERROR - versionCheck:Error,sed version is no good, I found sed (GNU sed) 4.5, 4.1.5 needed.
INFO - versionCheck:Checking if tar is installed.
INFO - versionCheck:Found it. Checking Version.
INFO - versionCheck:Checking version: Installed:  Needed: 1
ERROR - versionCheck:Error,tar version is no good, I found 1.30, 1.2.2 needed.
INFO - versionCheck:Checking if makeinfo is installed.
INFO - versionCheck:Found it. Checking Version.
INFO - versionCheck:Checking version: Installed:  Needed: 4
ERROR - versionCheck:Error,makeinfo version is no good, I found 6.5, 4.7 needed.
INFO - versionCheck:Checking if xz is installed.
INFO - versionCheck:Found it. Checking Version.
INFO - versionCheck:Checking version: Installed:  Needed: 5
ERROR - versionCheck:Error,xz version is no good, I found 5.2.4, 5.0.0 needed.
INFO - versionCheck:Running dependency check scripts
INFO - versionCheck:Checking if bash is installed.
INFO - versionCheck:Found it. Checking Version.
INFO - versionCheck:Checking version: Installed: 4 Needed: 3
INFO - versionCheck:bash OK!
INFO - versionCheck:Checking if ld is installed.
INFO - versionCheck:Found it. Checking Version.
INFO - versionCheck:Checking version: Installed: 2 Needed: 2
INFO - versionCheck:ld OK!
INFO - versionCheck:Checking if bison is installed.
INFO - versionCheck:Found it. Checking Version.
INFO - versionCheck:Checking version: Installed: 3 Needed: 2
INFO - versionCheck:bison OK!
INFO - versionCheck:Checking if bzip2 is installed.
INFO - versionCheck:Found it. Checking Version.
INFO - versionCheck:Checking version: Installed: 1 Needed: 1
INFO - versionCheck:bzip2 OK!
INFO - versionCheck:Checking if diff is installed.
INFO - versionCheck:Found it. Checking Version.
INFO - versionCheck:Checking version: Installed: 3 Needed: 2
INFO - versionCheck:diff OK!
INFO - versionCheck:Checking if find is installed.
INFO - versionCheck:Found it. Checking Version.
INFO - versionCheck:Checking version: Installed: 4 Needed: 4
INFO - versionCheck:find OK!
INFO - versionCheck:Checking if gawk is installed.
INFO - versionCheck:Found it. Checking Version.
INFO - versionCheck:Checking version: Installed: 4 Needed: 4
INFO - versionCheck:gawk OK!
INFO - versionCheck:Checking if gcc is installed.
INFO - versionCheck:Found it. Checking Version.
INFO - versionCheck:Checking version: Installed: 8 Needed: 4
INFO - versionCheck:gcc OK!
INFO - versionCheck:Checking if glibc is installed.
ERROR - versionCheck:Could not find it.
INFO - versionCheck:Checking if grep is installed.
INFO - versionCheck:Found it. Checking Version.
INFO - versionCheck:Checking version: Installed: 3 Needed: 2
INFO - versionCheck:grep OK!
INFO - versionCheck:Checking if gzip is installed.
INFO - versionCheck:Found it. Checking Version.
INFO - versionCheck:Checking version: Installed: gzip 1 Needed: 1
INFO - versionCheck:gzip OK!
INFO - versionCheck:Checking if m4 is installed.
INFO - versionCheck:Found it. Checking Version.
INFO - versionCheck:Checking version: Installed: m4 (GNU M4) 1 Needed: 1
INFO - versionCheck:m4 OK!
INFO - versionCheck:Checking if make is installed.
INFO - versionCheck:Found it. Checking Version.
INFO - versionCheck:Checking version: Installed: GNU Make 4 Needed: 4
INFO - versionCheck:make OK!
INFO - versionCheck:Checking if patch is installed.
INFO - versionCheck:Found it. Checking Version.
INFO - versionCheck:Checking version: Installed: 2 Needed: 2
INFO - versionCheck:patch OK!
INFO - versionCheck:Checking if perl is installed.
INFO - versionCheck:Found it. Checking Version.
INFO - versionCheck:Checking version: Installed: 5 Needed: 5
INFO - versionCheck:perl OK!
INFO - versionCheck:Checking if sed is installed.
INFO - versionCheck:Found it. Checking Version.
INFO - versionCheck:Checking version: Installed: sed (GNU sed) 4 Needed: 4
INFO - versionCheck:sed OK!
INFO - versionCheck:Checking if tar is installed.
INFO - versionCheck:Found it. Checking Version.
INFO - versionCheck:Checking version: Installed: 1 Needed: 1
INFO - versionCheck:tar OK!
INFO - versionCheck:Checking if makeinfo is installed.
INFO - versionCheck:Found it. Checking Version.
INFO - versionCheck:Checking version: Installed: 6 Needed: 4
INFO - versionCheck:makeinfo OK!
INFO - versionCheck:Checking if xz is installed.
INFO - versionCheck:Found it. Checking Version.
INFO - versionCheck:Checking version: Installed: 5 Needed: 5
INFO - versionCheck:xz OK!
INFO - versionCheck:Running dependency check scripts
INFO - versionCheck:Checking if bash is installed.
INFO - versionCheck:Found it. Checking Version.
INFO - versionCheck:Checking version: Installed: 4 Needed: 3
INFO - versionCheck:bash OK!
INFO - versionCheck:Checking if ld is installed.
INFO - versionCheck:Found it. Checking Version.
INFO - versionCheck:Checking version: Installed: 2 Needed: 2
INFO - versionCheck:ld OK!
INFO - versionCheck:Checking if bison is installed.
INFO - versionCheck:Found it. Checking Version.
INFO - versionCheck:Checking version: Installed: 3 Needed: 2
INFO - versionCheck:bison OK!
INFO - versionCheck:Checking if bzip2 is installed.
INFO - versionCheck:Found it. Checking Version.
INFO - versionCheck:Checking version: Installed: 1 Needed: 1
INFO - versionCheck:bzip2 OK!
INFO - versionCheck:Checking if diff is installed.
INFO - versionCheck:Found it. Checking Version.
INFO - versionCheck:Checking version: Installed: 3 Needed: 2
INFO - versionCheck:diff OK!
INFO - versionCheck:Checking if find is installed.
INFO - versionCheck:Found it. Checking Version.
INFO - versionCheck:Checking version: Installed: 4 Needed: 4
INFO - versionCheck:find OK!
INFO - versionCheck:Checking if gawk is installed.
INFO - versionCheck:Found it. Checking Version.
INFO - versionCheck:Checking version: Installed: 4 Needed: 4
INFO - versionCheck:gawk OK!
INFO - versionCheck:Checking if gcc is installed.
INFO - versionCheck:Found it. Checking Version.
INFO - versionCheck:Checking version: Installed: 8 Needed: 4
INFO - versionCheck:gcc OK!
INFO - versionCheck:Checking if glibc is installed.
ERROR - versionCheck:Could not find it.
INFO - versionCheck:Checking if grep is installed.
INFO - versionCheck:Found it. Checking Version.
INFO - versionCheck:Checking version: Installed: 3 Needed: 2
INFO - versionCheck:grep OK!
INFO - versionCheck:Checking if gzip is installed.
INFO - versionCheck:Found it. Checking Version.
INFO - versionCheck:Checking version: Installed: 1 Needed: 1
INFO - versionCheck:gzip OK!
INFO - versionCheck:Checking if m4 is installed.
INFO - versionCheck:Found it. Checking Version.
INFO - versionCheck:Checking version: Installed: 1 Needed: 1
INFO - versionCheck:m4 OK!
INFO - versionCheck:Checking if make is installed.
INFO - versionCheck:Found it. Checking Version.
INFO - versionCheck:Checking version: Installed: 4 Needed: 4
INFO - versionCheck:make OK!
INFO - versionCheck:Checking if patch is installed.
INFO - versionCheck:Found it. Checking Version.
INFO - versionCheck:Checking version: Installed: 2 Needed: 2
INFO - versionCheck:patch OK!
INFO - versionCheck:Checking if perl is installed.
INFO - versionCheck:Found it. Checking Version.
INFO - versionCheck:Checking version: Installed: 5 Needed: 5
INFO - versionCheck:perl OK!
INFO - versionCheck:Checking if sed is installed.
INFO - versionCheck:Found it. Checking Version.
INFO - versionCheck:Checking version: Installed: 4 Needed: 4
INFO - versionCheck:sed OK!
INFO - versionCheck:Checking if tar is installed.
INFO - versionCheck:Found it. Checking Version.
INFO - versionCheck:Checking version: Installed: 1 Needed: 1
INFO - versionCheck:tar OK!
INFO - versionCheck:Checking if makeinfo is installed.
INFO - versionCheck:Found it. Checking Version.
INFO - versionCheck:Checking version: Installed: 6 Needed: 4
INFO - versionCheck:makeinfo OK!
INFO - versionCheck:Checking if xz is installed.
INFO - versionCheck:Found it. Checking Version.
INFO - versionCheck:Checking version: Installed: 5 Needed: 5
INFO - versionCheck:xz OK!
INFO - versionCheck:Running dependency check scripts
INFO - versionCheck:Checking if bash is installed.
INFO - versionCheck:Found it. Checking Version.
INFO - versionCheck:Checking version: Installed: 4 Needed: 3
INFO - versionCheck:bash OK!
INFO - versionCheck:Checking if ld is installed.
INFO - versionCheck:Found it. Checking Version.
INFO - versionCheck:Checking version: Installed: 2 Needed: 2
INFO - versionCheck:ld OK!
INFO - versionCheck:Checking if bison is installed.
INFO - versionCheck:Found it. Checking Version.
INFO - versionCheck:Checking version: Installed: 3 Needed: 2
INFO - versionCheck:bison OK!
INFO - versionCheck:Checking if bzip2 is installed.
INFO - versionCheck:Found it. Checking Version.
INFO - versionCheck:Checking version: Installed: 1 Needed: 1
INFO - versionCheck:bzip2 OK!
INFO - versionCheck:Checking if diff is installed.
INFO - versionCheck:Found it. Checking Version.
INFO - versionCheck:Checking version: Installed: 3 Needed: 2
INFO - versionCheck:diff OK!
INFO - versionCheck:Checking if find is installed.
INFO - versionCheck:Found it. Checking Version.
INFO - versionCheck:Checking version: Installed: 4 Needed: 4
INFO - versionCheck:find OK!
INFO - versionCheck:Checking if gawk is installed.
INFO - versionCheck:Found it. Checking Version.
INFO - versionCheck:Checking version: Installed: 4 Needed: 4
INFO - versionCheck:gawk OK!
INFO - versionCheck:Checking if gcc is installed.
INFO - versionCheck:Found it. Checking Version.
INFO - versionCheck:Checking version: Installed: 8 Needed: 4
INFO - versionCheck:gcc OK!
INFO - versionCheck:Checking if ldd is installed.
INFO - versionCheck:Found it. Checking Version.
INFO - versionCheck:Checking version: Installed: (GNU libc) 2 Needed: 2
INFO - versionCheck:ldd OK!
INFO - versionCheck:Checking if grep is installed.
INFO - versionCheck:Found it. Checking Version.
INFO - versionCheck:Checking version: Installed: 3 Needed: 2
INFO - versionCheck:grep OK!
INFO - versionCheck:Checking if gzip is installed.
INFO - versionCheck:Found it. Checking Version.
INFO - versionCheck:Checking version: Installed: 1 Needed: 1
INFO - versionCheck:gzip OK!
INFO - versionCheck:Checking if m4 is installed.
INFO - versionCheck:Found it. Checking Version.
INFO - versionCheck:Checking version: Installed: 1 Needed: 1
INFO - versionCheck:m4 OK!
INFO - versionCheck:Checking if make is installed.
INFO - versionCheck:Found it. Checking Version.
INFO - versionCheck:Checking version: Installed: 4 Needed: 4
INFO - versionCheck:make OK!
INFO - versionCheck:Checking if patch is installed.
INFO - versionCheck:Found it. Checking Version.
INFO - versionCheck:Checking version: Installed: 2 Needed: 2
INFO - versionCheck:patch OK!
INFO - versionCheck:Checking if perl is installed.
INFO - versionCheck:Found it. Checking Version.
INFO - versionCheck:Checking version: Installed: 5 Needed: 5
INFO - versionCheck:perl OK!
INFO - versionCheck:Checking if sed is installed.
INFO - versionCheck:Found it. Checking Version.
INFO - versionCheck:Checking version: Installed: 4 Needed: 4
INFO - versionCheck:sed OK!
INFO - versionCheck:Checking if tar is installed.
INFO - versionCheck:Found it. Checking Version.
INFO - versionCheck:Checking version: Installed: 1 Needed: 1
INFO - versionCheck:tar OK!
INFO - versionCheck:Checking if makeinfo is installed.
INFO - versionCheck:Found it. Checking Version.
INFO - versionCheck:Checking version: Installed: 6 Needed: 4
INFO - versionCheck:makeinfo OK!
INFO - versionCheck:Checking if xz is installed.
INFO - versionCheck:Found it. Checking Version.
INFO - versionCheck:Checking version: Installed: 5 Needed: 5
INFO - versionCheck:xz OK!
INFO - versionCheck:Running dependency check scripts
INFO - versionCheck:Checking if bash is installed.
INFO - versionCheck:Found it. Checking Version.
INFO - versionCheck:Checking version: Installed: 4 Needed: 3
INFO - versionCheck:bash OK!
INFO - versionCheck:Checking if ld is installed.
INFO - versionCheck:Found it. Checking Version.
INFO - versionCheck:Checking version: Installed: 2 Needed: 2
INFO - versionCheck:ld OK!
INFO - versionCheck:Checking if bison is installed.
INFO - versionCheck:Found it. Checking Version.
INFO - versionCheck:Checking version: Installed: 3 Needed: 2
INFO - versionCheck:bison OK!
INFO - versionCheck:Checking if bzip2 is installed.
INFO - versionCheck:Found it. Checking Version.
INFO - versionCheck:Checking version: Installed: 1 Needed: 1
INFO - versionCheck:bzip2 OK!
INFO - versionCheck:Checking if diff is installed.
INFO - versionCheck:Found it. Checking Version.
INFO - versionCheck:Checking version: Installed: 3 Needed: 2
INFO - versionCheck:diff OK!
INFO - versionCheck:Checking if find is installed.
INFO - versionCheck:Found it. Checking Version.
INFO - versionCheck:Checking version: Installed: 4 Needed: 4
INFO - versionCheck:find OK!
INFO - versionCheck:Checking if gawk is installed.
INFO - versionCheck:Found it. Checking Version.
INFO - versionCheck:Checking version: Installed: 4 Needed: 4
INFO - versionCheck:gawk OK!
INFO - versionCheck:Checking if gcc is installed.
INFO - versionCheck:Found it. Checking Version.
INFO - versionCheck:Checking version: Installed: 8 Needed: 4
INFO - versionCheck:gcc OK!
INFO - versionCheck:Checking if ldd is installed.
INFO - versionCheck:Found it. Checking Version.
INFO - versionCheck:Checking version: Installed: 2 Needed: 2
INFO - versionCheck:ldd OK!
INFO - versionCheck:Checking if grep is installed.
INFO - versionCheck:Found it. Checking Version.
INFO - versionCheck:Checking version: Installed: 3 Needed: 2
INFO - versionCheck:grep OK!
INFO - versionCheck:Checking if gzip is installed.
INFO - versionCheck:Found it. Checking Version.
INFO - versionCheck:Checking version: Installed: 1 Needed: 1
INFO - versionCheck:gzip OK!
INFO - versionCheck:Checking if m4 is installed.
INFO - versionCheck:Found it. Checking Version.
INFO - versionCheck:Checking version: Installed: 1 Needed: 1
INFO - versionCheck:m4 OK!
INFO - versionCheck:Checking if make is installed.
INFO - versionCheck:Found it. Checking Version.
INFO - versionCheck:Checking version: Installed: 4 Needed: 4
INFO - versionCheck:make OK!
INFO - versionCheck:Checking if patch is installed.
INFO - versionCheck:Found it. Checking Version.
INFO - versionCheck:Checking version: Installed: 2 Needed: 2
INFO - versionCheck:patch OK!
INFO - versionCheck:Checking if perl is installed.
INFO - versionCheck:Found it. Checking Version.
INFO - versionCheck:Checking version: Installed: 5 Needed: 5
INFO - versionCheck:perl OK!
INFO - versionCheck:Checking if sed is installed.
INFO - versionCheck:Found it. Checking Version.
INFO - versionCheck:Checking version: Installed: 4 Needed: 4
INFO - versionCheck:sed OK!
INFO - versionCheck:Checking if tar is installed.
INFO - versionCheck:Found it. Checking Version.
INFO - versionCheck:Checking version: Installed: 1 Needed: 1
INFO - versionCheck:tar OK!
INFO - versionCheck:Checking if makeinfo is installed.
INFO - versionCheck:Found it. Checking Version.
INFO - versionCheck:Checking version: Installed: 6 Needed: 4
INFO - versionCheck:makeinfo OK!
INFO - versionCheck:Checking if xz is installed.
INFO - versionCheck:Found it. Checking Version.
INFO - versionCheck:Checking version: Installed: 5 Needed: 5
INFO - versionCheck:xz OK!
INFO - versionCheck:Running dependency check scripts
INFO - versionCheck:Checking if bash is installed.
INFO - versionCheck:Found it. Checking Version.
INFO - versionCheck:Checking version: Installed: 4 Needed: 3
INFO - versionCheck:bash OK!
INFO - versionCheck:Checking if ld is installed.
INFO - versionCheck:Found it. Checking Version.
INFO - versionCheck:Checking version: Installed: 2 Needed: 2
INFO - versionCheck:ld OK!
INFO - versionCheck:Checking if bison is installed.
INFO - versionCheck:Found it. Checking Version.
INFO - versionCheck:Checking version: Installed: 3 Needed: 2
INFO - versionCheck:bison OK!
INFO - versionCheck:Checking if bzip2 is installed.
INFO - versionCheck:Found it. Checking Version.
INFO - versionCheck:Checking version: Installed: 1 Needed: 1
INFO - versionCheck:bzip2 OK!
INFO - versionCheck:Checking if diff is installed.
INFO - versionCheck:Found it. Checking Version.
INFO - versionCheck:Checking version: Installed: 3 Needed: 2
INFO - versionCheck:diff OK!
INFO - versionCheck:Checking if find is installed.
INFO - versionCheck:Found it. Checking Version.
INFO - versionCheck:Checking version: Installed: 4 Needed: 4
INFO - versionCheck:find OK!
INFO - versionCheck:Checking if gawk is installed.
INFO - versionCheck:Found it. Checking Version.
INFO - versionCheck:Checking version: Installed: 4 Needed: 4
INFO - versionCheck:gawk OK!
INFO - versionCheck:Checking if gcc is installed.
INFO - versionCheck:Found it. Checking Version.
INFO - versionCheck:Checking version: Installed: 8 Needed: 4
INFO - versionCheck:gcc OK!
INFO - versionCheck:Checking if ldd is installed.
INFO - versionCheck:Found it. Checking Version.
INFO - versionCheck:Checking version: Installed: 2 Needed: 2
INFO - versionCheck:ldd OK!
INFO - versionCheck:Checking if grep is installed.
INFO - versionCheck:Found it. Checking Version.
INFO - versionCheck:Checking version: Installed: 3 Needed: 2
INFO - versionCheck:grep OK!
INFO - versionCheck:Checking if gzip is installed.
INFO - versionCheck:Found it. Checking Version.
INFO - versionCheck:Checking version: Installed: 1 Needed: 1
INFO - versionCheck:gzip OK!
INFO - versionCheck:Checking if m4 is installed.
INFO - versionCheck:Found it. Checking Version.
INFO - versionCheck:Checking version: Installed: 1 Needed: 1
INFO - versionCheck:m4 OK!
INFO - versionCheck:Checking if make is installed.
INFO - versionCheck:Found it. Checking Version.
INFO - versionCheck:Checking version: Installed: 4 Needed: 4
INFO - versionCheck:make OK!
INFO - versionCheck:Checking if patch is installed.
INFO - versionCheck:Found it. Checking Version.
INFO - versionCheck:Checking version: Installed: 2 Needed: 2
INFO - versionCheck:patch OK!
INFO - versionCheck:Checking if perl is installed.
INFO - versionCheck:Found it. Checking Version.
INFO - versionCheck:Checking version: Installed: 5 Needed: 5
INFO - versionCheck:perl OK!
INFO - versionCheck:Checking if sed is installed.
INFO - versionCheck:Found it. Checking Version.
INFO - versionCheck:Checking version: Installed: 4 Needed: 4
INFO - versionCheck:sed OK!
INFO - versionCheck:Checking if tar is installed.
INFO - versionCheck:Found it. Checking Version.
INFO - versionCheck:Checking version: Installed: 1 Needed: 1
INFO - versionCheck:tar OK!
INFO - versionCheck:Checking if makeinfo is installed.
INFO - versionCheck:Found it. Checking Version.
INFO - versionCheck:Checking version: Installed: 6 Needed: 4
INFO - versionCheck:makeinfo OK!
INFO - versionCheck:Checking if xz is installed.
INFO - versionCheck:Found it. Checking Version.
INFO - versionCheck:Checking version: Installed: 5 Needed: 5
INFO - versionCheck:xz OK!
ERROR - versionCheck:ERROR: /bin/sh does not point to bash
INFO - versionCheck:Checking version: Installed: 3 Needed: Linux version 4
INFO - versionCheck:Running dependency check scripts
INFO - versionCheck:Checking if bash is installed.
INFO - versionCheck:Found it. Checking Version.
INFO - versionCheck:Checking version: Installed: 4 Needed: 3
INFO - versionCheck:bash OK!
INFO - versionCheck:Checking if ld is installed.
INFO - versionCheck:Found it. Checking Version.
INFO - versionCheck:Checking version: Installed: 2 Needed: 2
INFO - versionCheck:ld OK!
INFO - versionCheck:Checking if bison is installed.
INFO - versionCheck:Found it. Checking Version.
INFO - versionCheck:Checking version: Installed: 3 Needed: 2
INFO - versionCheck:bison OK!
INFO - versionCheck:Checking if bzip2 is installed.
INFO - versionCheck:Found it. Checking Version.
INFO - versionCheck:Checking version: Installed: 1 Needed: 1
INFO - versionCheck:bzip2 OK!
INFO - versionCheck:Checking if diff is installed.
INFO - versionCheck:Found it. Checking Version.
INFO - versionCheck:Checking version: Installed: 3 Needed: 2
INFO - versionCheck:diff OK!
INFO - versionCheck:Checking if find is installed.
INFO - versionCheck:Found it. Checking Version.
INFO - versionCheck:Checking version: Installed: 4 Needed: 4
INFO - versionCheck:find OK!
INFO - versionCheck:Checking if gawk is installed.
INFO - versionCheck:Found it. Checking Version.
INFO - versionCheck:Checking version: Installed: 4 Needed: 4
INFO - versionCheck:gawk OK!
INFO - versionCheck:Checking if gcc is installed.
INFO - versionCheck:Found it. Checking Version.
INFO - versionCheck:Checking version: Installed: 8 Needed: 4
INFO - versionCheck:gcc OK!
INFO - versionCheck:Checking if ldd is installed.
INFO - versionCheck:Found it. Checking Version.
INFO - versionCheck:Checking version: Installed: 2 Needed: 2
INFO - versionCheck:ldd OK!
INFO - versionCheck:Checking if grep is installed.
INFO - versionCheck:Found it. Checking Version.
INFO - versionCheck:Checking version: Installed: 3 Needed: 2
INFO - versionCheck:grep OK!
INFO - versionCheck:Checking if gzip is installed.
INFO - versionCheck:Found it. Checking Version.
INFO - versionCheck:Checking version: Installed: 1 Needed: 1
INFO - versionCheck:gzip OK!
INFO - versionCheck:Checking if m4 is installed.
INFO - versionCheck:Found it. Checking Version.
INFO - versionCheck:Checking version: Installed: 1 Needed: 1
INFO - versionCheck:m4 OK!
INFO - versionCheck:Checking if make is installed.
INFO - versionCheck:Found it. Checking Version.
INFO - versionCheck:Checking version: Installed: 4 Needed: 4
INFO - versionCheck:make OK!
INFO - versionCheck:Checking if patch is installed.
INFO - versionCheck:Found it. Checking Version.
INFO - versionCheck:Checking version: Installed: 2 Needed: 2
INFO - versionCheck:patch OK!
INFO - versionCheck:Checking if perl is installed.
INFO - versionCheck:Found it. Checking Version.
INFO - versionCheck:Checking version: Installed: 5 Needed: 5
INFO - versionCheck:perl OK!
INFO - versionCheck:Checking if sed is installed.
INFO - versionCheck:Found it. Checking Version.
INFO - versionCheck:Checking version: Installed: 4 Needed: 4
INFO - versionCheck:sed OK!
INFO - versionCheck:Checking if tar is installed.
INFO - versionCheck:Found it. Checking Version.
INFO - versionCheck:Checking version: Installed: 1 Needed: 1
INFO - versionCheck:tar OK!
INFO - versionCheck:Checking if makeinfo is installed.
INFO - versionCheck:Found it. Checking Version.
INFO - versionCheck:Checking version: Installed: 6 Needed: 4
INFO - versionCheck:makeinfo OK!
INFO - versionCheck:Checking if xz is installed.
INFO - versionCheck:Found it. Checking Version.
INFO - versionCheck:Checking version: Installed: 5 Needed: 5
INFO - versionCheck:xz OK!
INFO - versionCheck:Checking version: Installed: 3 Needed: Linux version 4
INFO - versionCheck:Running dependency check scripts
INFO - versionCheck:Checking if bash is installed.
INFO - versionCheck:Found it. Checking Version.
INFO - versionCheck:Checking version: Installed: 4 Needed: 3
INFO - versionCheck:bash OK!
INFO - versionCheck:Checking if ld is installed.
INFO - versionCheck:Found it. Checking Version.
INFO - versionCheck:Checking version: Installed: 2 Needed: 2
INFO - versionCheck:ld OK!
INFO - versionCheck:Checking if bison is installed.
INFO - versionCheck:Found it. Checking Version.
INFO - versionCheck:Checking version: Installed: 3 Needed: 2
INFO - versionCheck:bison OK!
INFO - versionCheck:Checking if bzip2 is installed.
INFO - versionCheck:Found it. Checking Version.
INFO - versionCheck:Checking version: Installed: 1 Needed: 1
INFO - versionCheck:bzip2 OK!
INFO - versionCheck:Checking if diff is installed.
INFO - versionCheck:Found it. Checking Version.
INFO - versionCheck:Checking version: Installed: 3 Needed: 2
INFO - versionCheck:diff OK!
INFO - versionCheck:Checking if find is installed.
INFO - versionCheck:Found it. Checking Version.
INFO - versionCheck:Checking version: Installed: 4 Needed: 4
INFO - versionCheck:find OK!
INFO - versionCheck:Checking if gawk is installed.
INFO - versionCheck:Found it. Checking Version.
INFO - versionCheck:Checking version: Installed: 4 Needed: 4
INFO - versionCheck:gawk OK!
INFO - versionCheck:Checking if gcc is installed.
INFO - versionCheck:Found it. Checking Version.
INFO - versionCheck:Checking version: Installed: 8 Needed: 4
INFO - versionCheck:gcc OK!
INFO - versionCheck:Checking if ldd is installed.
INFO - versionCheck:Found it. Checking Version.
INFO - versionCheck:Checking version: Installed: 2 Needed: 2
INFO - versionCheck:ldd OK!
INFO - versionCheck:Checking if grep is installed.
INFO - versionCheck:Found it. Checking Version.
INFO - versionCheck:Checking version: Installed: 3 Needed: 2
INFO - versionCheck:grep OK!
INFO - versionCheck:Checking if gzip is installed.
INFO - versionCheck:Found it. Checking Version.
INFO - versionCheck:Checking version: Installed: 1 Needed: 1
INFO - versionCheck:gzip OK!
INFO - versionCheck:Checking if m4 is installed.
INFO - versionCheck:Found it. Checking Version.
INFO - versionCheck:Checking version: Installed: 1 Needed: 1
INFO - versionCheck:m4 OK!
INFO - versionCheck:Checking if make is installed.
INFO - versionCheck:Found it. Checking Version.
INFO - versionCheck:Checking version: Installed: 4 Needed: 4
INFO - versionCheck:make OK!
INFO - versionCheck:Checking if patch is installed.
INFO - versionCheck:Found it. Checking Version.
INFO - versionCheck:Checking version: Installed: 2 Needed: 2
INFO - versionCheck:patch OK!
INFO - versionCheck:Checking if perl is installed.
INFO - versionCheck:Found it. Checking Version.
INFO - versionCheck:Checking version: Installed: 5 Needed: 5
INFO - versionCheck:perl OK!
INFO - versionCheck:Checking if sed is installed.
INFO - versionCheck:Found it. Checking Version.
INFO - versionCheck:Checking version: Installed: 4 Needed: 4
INFO - versionCheck:sed OK!
INFO - versionCheck:Checking if tar is installed.
INFO - versionCheck:Found it. Checking Version.
INFO - versionCheck:Checking version: Installed: 1 Needed: 1
INFO - versionCheck:tar OK!
INFO - versionCheck:Checking if makeinfo is installed.
INFO - versionCheck:Found it. Checking Version.
INFO - versionCheck:Checking version: Installed: 6 Needed: 4
INFO - versionCheck:makeinfo OK!
INFO - versionCheck:Checking if xz is installed.
INFO - versionCheck:Found it. Checking Version.
INFO - versionCheck:Checking version: Installed: 5 Needed: 5
INFO - versionCheck:xz OK!
INFO - versionCheck:Checking version: Installed: 3 Needed: Linux version 4
INFO - versionCheck:Running dependency check scripts
INFO - versionCheck:Checking if bash is installed.
INFO - versionCheck:Found it. Checking Version.
INFO - versionCheck:Checking version: Installed: 4 Needed: 3
INFO - versionCheck:bash OK!
INFO - versionCheck:Checking if ld is installed.
INFO - versionCheck:Found it. Checking Version.
INFO - versionCheck:Checking version: Installed: 2 Needed: 2
INFO - versionCheck:ld OK!
INFO - versionCheck:Checking if bison is installed.
INFO - versionCheck:Found it. Checking Version.
INFO - versionCheck:Checking version: Installed: 3 Needed: 2
INFO - versionCheck:bison OK!
INFO - versionCheck:Checking if bzip2 is installed.
INFO - versionCheck:Found it. Checking Version.
INFO - versionCheck:Checking version: Installed: 1 Needed: 1
INFO - versionCheck:bzip2 OK!
INFO - versionCheck:Checking if diff is installed.
INFO - versionCheck:Found it. Checking Version.
INFO - versionCheck:Checking version: Installed: 3 Needed: 2
INFO - versionCheck:diff OK!
INFO - versionCheck:Checking if find is installed.
INFO - versionCheck:Found it. Checking Version.
INFO - versionCheck:Checking version: Installed: 4 Needed: 4
INFO - versionCheck:find OK!
INFO - versionCheck:Checking if gawk is installed.
INFO - versionCheck:Found it. Checking Version.
INFO - versionCheck:Checking version: Installed: 4 Needed: 4
INFO - versionCheck:gawk OK!
INFO - versionCheck:Checking if gcc is installed.
INFO - versionCheck:Found it. Checking Version.
INFO - versionCheck:Checking version: Installed: 8 Needed: 4
INFO - versionCheck:gcc OK!
INFO - versionCheck:Checking if ldd is installed.
INFO - versionCheck:Found it. Checking Version.
INFO - versionCheck:Checking version: Installed: 2 Needed: 2
INFO - versionCheck:ldd OK!
INFO - versionCheck:Checking if grep is installed.
INFO - versionCheck:Found it. Checking Version.
INFO - versionCheck:Checking version: Installed: 3 Needed: 2
INFO - versionCheck:grep OK!
INFO - versionCheck:Checking if gzip is installed.
INFO - versionCheck:Found it. Checking Version.
INFO - versionCheck:Checking version: Installed: 1 Needed: 1
INFO - versionCheck:gzip OK!
INFO - versionCheck:Checking if m4 is installed.
INFO - versionCheck:Found it. Checking Version.
INFO - versionCheck:Checking version: Installed: 1 Needed: 1
INFO - versionCheck:m4 OK!
INFO - versionCheck:Checking if make is installed.
INFO - versionCheck:Found it. Checking Version.
INFO - versionCheck:Checking version: Installed: 4 Needed: 4
INFO - versionCheck:make OK!
INFO - versionCheck:Checking if patch is installed.
INFO - versionCheck:Found it. Checking Version.
INFO - versionCheck:Checking version: Installed: 2 Needed: 2
INFO - versionCheck:patch OK!
INFO - versionCheck:Checking if perl is installed.
INFO - versionCheck:Found it. Checking Version.
INFO - versionCheck:Checking version: Installed: 5 Needed: 5
INFO - versionCheck:perl OK!
INFO - versionCheck:Checking if sed is installed.
INFO - versionCheck:Found it. Checking Version.
INFO - versionCheck:Checking version: Installed: 4 Needed: 4
INFO - versionCheck:sed OK!
INFO - versionCheck:Checking if tar is installed.
INFO - versionCheck:Found it. Checking Version.
INFO - versionCheck:Checking version: Installed: 1 Needed: 1
INFO - versionCheck:tar OK!
INFO - versionCheck:Checking if makeinfo is installed.
INFO - versionCheck:Found it. Checking Version.
INFO - versionCheck:Checking version: Installed: 6 Needed: 4
INFO - versionCheck:makeinfo OK!
INFO - versionCheck:Checking if xz is installed.
INFO - versionCheck:Found it. Checking Version.
INFO - versionCheck:Checking version: Installed: 5 Needed: 5
INFO - versionCheck:xz OK!
INFO - versionCheck:Checking version: Installed: Linux version 4 Needed: 3
INFO - versionCheck:Running dependency check scripts
INFO - versionCheck:Checking if bash is installed.
INFO - versionCheck:Found it. Checking Version.
INFO - versionCheck:Checking version: Installed: 4 Needed: 3
INFO - versionCheck:bash OK!
INFO - versionCheck:Checking if ld is installed.
INFO - versionCheck:Found it. Checking Version.
INFO - versionCheck:Checking version: Installed: 2 Needed: 2
INFO - versionCheck:ld OK!
INFO - versionCheck:Checking if bison is installed.
INFO - versionCheck:Found it. Checking Version.
INFO - versionCheck:Checking version: Installed: 3 Needed: 2
INFO - versionCheck:bison OK!
INFO - versionCheck:Checking if bzip2 is installed.
INFO - versionCheck:Found it. Checking Version.
INFO - versionCheck:Checking version: Installed: 1 Needed: 1
INFO - versionCheck:bzip2 OK!
INFO - versionCheck:Checking if diff is installed.
INFO - versionCheck:Found it. Checking Version.
INFO - versionCheck:Checking version: Installed: 3 Needed: 2
INFO - versionCheck:diff OK!
INFO - versionCheck:Checking if find is installed.
INFO - versionCheck:Found it. Checking Version.
INFO - versionCheck:Checking version: Installed: 4 Needed: 4
INFO - versionCheck:find OK!
INFO - versionCheck:Checking if gawk is installed.
INFO - versionCheck:Found it. Checking Version.
INFO - versionCheck:Checking version: Installed: 4 Needed: 4
INFO - versionCheck:gawk OK!
INFO - versionCheck:Checking if gcc is installed.
INFO - versionCheck:Found it. Checking Version.
INFO - versionCheck:Checking version: Installed: 8 Needed: 4
INFO - versionCheck:gcc OK!
INFO - versionCheck:Checking if ldd is installed.
INFO - versionCheck:Found it. Checking Version.
INFO - versionCheck:Checking version: Installed: 2 Needed: 2
INFO - versionCheck:ldd OK!
INFO - versionCheck:Checking if grep is installed.
INFO - versionCheck:Found it. Checking Version.
INFO - versionCheck:Checking version: Installed: 3 Needed: 2
INFO - versionCheck:grep OK!
INFO - versionCheck:Checking if gzip is installed.
INFO - versionCheck:Found it. Checking Version.
INFO - versionCheck:Checking version: Installed: 1 Needed: 1
INFO - versionCheck:gzip OK!
INFO - versionCheck:Checking if m4 is installed.
INFO - versionCheck:Found it. Checking Version.
INFO - versionCheck:Checking version: Installed: 1 Needed: 1
INFO - versionCheck:m4 OK!
INFO - versionCheck:Checking if make is installed.
INFO - versionCheck:Found it. Checking Version.
INFO - versionCheck:Checking version: Installed: 4 Needed: 4
INFO - versionCheck:make OK!
INFO - versionCheck:Checking if patch is installed.
INFO - versionCheck:Found it. Checking Version.
INFO - versionCheck:Checking version: Installed: 2 Needed: 2
INFO - versionCheck:patch OK!
INFO - versionCheck:Checking if perl is installed.
INFO - versionCheck:Found it. Checking Version.
INFO - versionCheck:Checking version: Installed: 5 Needed: 5
INFO - versionCheck:perl OK!
INFO - versionCheck:Checking if sed is installed.
INFO - versionCheck:Found it. Checking Version.
INFO - versionCheck:Checking version: Installed: 4 Needed: 4
INFO - versionCheck:sed OK!
INFO - versionCheck:Checking if tar is installed.
INFO - versionCheck:Found it. Checking Version.
INFO - versionCheck:Checking version: Installed: 1 Needed: 1
INFO - versionCheck:tar OK!
INFO - versionCheck:Checking if makeinfo is installed.
INFO - versionCheck:Found it. Checking Version.
INFO - versionCheck:Checking version: Installed: 6 Needed: 4
INFO - versionCheck:makeinfo OK!
INFO - versionCheck:Checking if xz is installed.
INFO - versionCheck:Found it. Checking Version.
INFO - versionCheck:Checking version: Installed: 5 Needed: 5
INFO - versionCheck:xz OK!
INFO - versionCheck:Checking version: Installed: 4 Needed: 3
INFO - versionCheck:Running dependency check scripts
INFO - versionCheck:Checking if bash is installed.
INFO - versionCheck:Found it. Checking Version.
INFO - versionCheck:Checking version: Installed: 4 Needed: 3
INFO - versionCheck:bash OK!
INFO - versionCheck:Checking if ld is installed.
INFO - versionCheck:Found it. Checking Version.
INFO - versionCheck:Checking version: Installed: 2 Needed: 2
INFO - versionCheck:ld OK!
INFO - versionCheck:Checking if bison is installed.
INFO - versionCheck:Found it. Checking Version.
INFO - versionCheck:Checking version: Installed: 3 Needed: 2
INFO - versionCheck:bison OK!
INFO - versionCheck:Checking if bzip2 is installed.
INFO - versionCheck:Found it. Checking Version.
INFO - versionCheck:Checking version: Installed: 1 Needed: 1
INFO - versionCheck:bzip2 OK!
INFO - versionCheck:Checking if diff is installed.
INFO - versionCheck:Found it. Checking Version.
INFO - versionCheck:Checking version: Installed: 3 Needed: 2
INFO - versionCheck:diff OK!
INFO - versionCheck:Checking if find is installed.
INFO - versionCheck:Found it. Checking Version.
INFO - versionCheck:Checking version: Installed: 4 Needed: 4
INFO - versionCheck:find OK!
INFO - versionCheck:Checking if gawk is installed.
INFO - versionCheck:Found it. Checking Version.
INFO - versionCheck:Checking version: Installed: 4 Needed: 4
INFO - versionCheck:gawk OK!
INFO - versionCheck:Checking if gcc is installed.
INFO - versionCheck:Found it. Checking Version.
INFO - versionCheck:Checking version: Installed: 8 Needed: 4
INFO - versionCheck:gcc OK!
INFO - versionCheck:Checking if ldd is installed.
INFO - versionCheck:Found it. Checking Version.
INFO - versionCheck:Checking version: Installed: 2 Needed: 2
INFO - versionCheck:ldd OK!
INFO - versionCheck:Checking if grep is installed.
INFO - versionCheck:Found it. Checking Version.
INFO - versionCheck:Checking version: Installed: 3 Needed: 2
INFO - versionCheck:grep OK!
INFO - versionCheck:Checking if gzip is installed.
INFO - versionCheck:Found it. Checking Version.
INFO - versionCheck:Checking version: Installed: 1 Needed: 1
INFO - versionCheck:gzip OK!
INFO - versionCheck:Checking if m4 is installed.
INFO - versionCheck:Found it. Checking Version.
INFO - versionCheck:Checking version: Installed: 1 Needed: 1
INFO - versionCheck:m4 OK!
INFO - versionCheck:Checking if make is installed.
INFO - versionCheck:Found it. Checking Version.
INFO - versionCheck:Checking version: Installed: 4 Needed: 4
INFO - versionCheck:make OK!
INFO - versionCheck:Checking if patch is installed.
INFO - versionCheck:Found it. Checking Version.
INFO - versionCheck:Checking version: Installed: 2 Needed: 2
INFO - versionCheck:patch OK!
INFO - versionCheck:Checking if perl is installed.
INFO - versionCheck:Found it. Checking Version.
INFO - versionCheck:Checking version: Installed: 5 Needed: 5
INFO - versionCheck:perl OK!
INFO - versionCheck:Checking if sed is installed.
INFO - versionCheck:Found it. Checking Version.
INFO - versionCheck:Checking version: Installed: 4 Needed: 4
INFO - versionCheck:sed OK!
INFO - versionCheck:Checking if tar is installed.
INFO - versionCheck:Found it. Checking Version.
INFO - versionCheck:Checking version: Installed: 1 Needed: 1
INFO - versionCheck:tar OK!
INFO - versionCheck:Checking if makeinfo is installed.
INFO - versionCheck:Found it. Checking Version.
INFO - versionCheck:Checking version: Installed: 6 Needed: 4
INFO - versionCheck:makeinfo OK!
INFO - versionCheck:Checking if xz is installed.
INFO - versionCheck:Found it. Checking Version.
INFO - versionCheck:Checking version: Installed: 5 Needed: 5
INFO - versionCheck:xz OK!
INFO - versionCheck:Checking version: Installed: 4 Needed: 3
INFO - versionCheck:yacc is bison (GNU Bison) 3.0.5
INFO - versionCheck:Running dependency check scripts
INFO - versionCheck:Checking if bash is installed.
INFO - versionCheck:Found it. Checking Version.
INFO - versionCheck:Checking version: Installed: 4 Needed: 3
INFO - versionCheck:bash OK!
INFO - versionCheck:Checking if ld is installed.
INFO - versionCheck:Found it. Checking Version.
INFO - versionCheck:Checking version: Installed: 2 Needed: 2
INFO - versionCheck:ld OK!
INFO - versionCheck:Checking if bison is installed.
INFO - versionCheck:Found it. Checking Version.
INFO - versionCheck:Checking version: Installed: 3 Needed: 2
INFO - versionCheck:bison OK!
INFO - versionCheck:Checking if bzip2 is installed.
INFO - versionCheck:Found it. Checking Version.
INFO - versionCheck:Checking version: Installed: 1 Needed: 1
INFO - versionCheck:bzip2 OK!
INFO - versionCheck:Checking if diff is installed.
INFO - versionCheck:Found it. Checking Version.
INFO - versionCheck:Checking version: Installed: 3 Needed: 2
INFO - versionCheck:diff OK!
INFO - versionCheck:Checking if find is installed.
INFO - versionCheck:Found it. Checking Version.
INFO - versionCheck:Checking version: Installed: 4 Needed: 4
INFO - versionCheck:find OK!
INFO - versionCheck:Checking if gawk is installed.
INFO - versionCheck:Found it. Checking Version.
INFO - versionCheck:Checking version: Installed: 4 Needed: 4
INFO - versionCheck:gawk OK!
INFO - versionCheck:Checking if gcc is installed.
INFO - versionCheck:Found it. Checking Version.
INFO - versionCheck:Checking version: Installed: 8 Needed: 4
INFO - versionCheck:gcc OK!
INFO - versionCheck:Checking if ldd is installed.
INFO - versionCheck:Found it. Checking Version.
INFO - versionCheck:Checking version: Installed: 2 Needed: 2
INFO - versionCheck:ldd OK!
INFO - versionCheck:Checking if grep is installed.
INFO - versionCheck:Found it. Checking Version.
INFO - versionCheck:Checking version: Installed: 3 Needed: 2
INFO - versionCheck:grep OK!
INFO - versionCheck:Checking if gzip is installed.
INFO - versionCheck:Found it. Checking Version.
INFO - versionCheck:Checking version: Installed: 1 Needed: 1
INFO - versionCheck:gzip OK!
INFO - versionCheck:Checking if m4 is installed.
INFO - versionCheck:Found it. Checking Version.
INFO - versionCheck:Checking version: Installed: 1 Needed: 1
INFO - versionCheck:m4 OK!
INFO - versionCheck:Checking if make is installed.
INFO - versionCheck:Found it. Checking Version.
INFO - versionCheck:Checking version: Installed: 4 Needed: 4
INFO - versionCheck:make OK!
INFO - versionCheck:Checking if patch is installed.
INFO - versionCheck:Found it. Checking Version.
INFO - versionCheck:Checking version: Installed: 2 Needed: 2
INFO - versionCheck:patch OK!
INFO - versionCheck:Checking if perl is installed.
INFO - versionCheck:Found it. Checking Version.
INFO - versionCheck:Checking version: Installed: 5 Needed: 5
INFO - versionCheck:perl OK!
INFO - versionCheck:Checking if sed is installed.
INFO - versionCheck:Found it. Checking Version.
INFO - versionCheck:Checking version: Installed: 4 Needed: 4
INFO - versionCheck:sed OK!
INFO - versionCheck:Checking if tar is installed.
INFO - versionCheck:Found it. Checking Version.
INFO - versionCheck:Checking version: Installed: 1 Needed: 1
INFO - versionCheck:tar OK!
INFO - versionCheck:Checking if makeinfo is installed.
INFO - versionCheck:Found it. Checking Version.
INFO - versionCheck:Checking version: Installed: 6 Needed: 4
INFO - versionCheck:makeinfo OK!
INFO - versionCheck:Checking if xz is installed.
INFO - versionCheck:Found it. Checking Version.
INFO - versionCheck:Checking version: Installed: 5 Needed: 5
INFO - versionCheck:xz OK!
INFO - versionCheck:Checking if chown is installed.
INFO - versionCheck:Found it. Checking Version.
INFO - versionCheck:Checking version: Installed:  8 Needed: 6
INFO - versionCheck:chown OK!
INFO - versionCheck:Checking version: Installed: 4 Needed: 3
INFO - versionCheck:Linux version OK!.
INFO - versionCheck:yacc is bison (GNU Bison) 3.0.5
ERROR - versionCheck:awk /usr/bin/awk -> /usr/bin/gawk, should point to gawk.
INFO - versionCheck:g++ compilation OK
INFO - versionCheck:Running dependency check scripts
INFO - versionCheck:Checking if bash is installed.
INFO - versionCheck:Found it. Checking Version.
INFO - versionCheck:Checking version: Installed: 4 Needed: 3
INFO - versionCheck:bash OK!
INFO - versionCheck:Checking if ld is installed.
INFO - versionCheck:Found it. Checking Version.
INFO - versionCheck:Checking version: Installed: 2 Needed: 2
INFO - versionCheck:ld OK!
INFO - versionCheck:Checking if bison is installed.
INFO - versionCheck:Found it. Checking Version.
INFO - versionCheck:Checking version: Installed: 3 Needed: 2
INFO - versionCheck:bison OK!
INFO - versionCheck:Checking if bzip2 is installed.
INFO - versionCheck:Found it. Checking Version.
INFO - versionCheck:Checking version: Installed: 1 Needed: 1
INFO - versionCheck:bzip2 OK!
INFO - versionCheck:Checking if diff is installed.
INFO - versionCheck:Found it. Checking Version.
INFO - versionCheck:Checking version: Installed: 3 Needed: 2
INFO - versionCheck:diff OK!
INFO - versionCheck:Checking if find is installed.
INFO - versionCheck:Found it. Checking Version.
INFO - versionCheck:Checking version: Installed: 4 Needed: 4
INFO - versionCheck:find OK!
INFO - versionCheck:Checking if gawk is installed.
INFO - versionCheck:Found it. Checking Version.
INFO - versionCheck:Checking version: Installed: 4 Needed: 4
INFO - versionCheck:gawk OK!
INFO - versionCheck:Checking if gcc is installed.
INFO - versionCheck:Found it. Checking Version.
INFO - versionCheck:Checking version: Installed: 8 Needed: 4
INFO - versionCheck:gcc OK!
INFO - versionCheck:Checking if ldd is installed.
INFO - versionCheck:Found it. Checking Version.
INFO - versionCheck:Checking version: Installed: 2 Needed: 2
INFO - versionCheck:ldd OK!
INFO - versionCheck:Checking if grep is installed.
INFO - versionCheck:Found it. Checking Version.
INFO - versionCheck:Checking version: Installed: 3 Needed: 2
INFO - versionCheck:grep OK!
INFO - versionCheck:Checking if gzip is installed.
INFO - versionCheck:Found it. Checking Version.
INFO - versionCheck:Checking version: Installed: 1 Needed: 1
INFO - versionCheck:gzip OK!
INFO - versionCheck:Checking if m4 is installed.
INFO - versionCheck:Found it. Checking Version.
INFO - versionCheck:Checking version: Installed: 1 Needed: 1
INFO - versionCheck:m4 OK!
INFO - versionCheck:Checking if make is installed.
INFO - versionCheck:Found it. Checking Version.
INFO - versionCheck:Checking version: Installed: 4 Needed: 4
INFO - versionCheck:make OK!
INFO - versionCheck:Checking if patch is installed.
INFO - versionCheck:Found it. Checking Version.
INFO - versionCheck:Checking version: Installed: 2 Needed: 2
INFO - versionCheck:patch OK!
INFO - versionCheck:Checking if perl is installed.
INFO - versionCheck:Found it. Checking Version.
INFO - versionCheck:Checking version: Installed: 5 Needed: 5
INFO - versionCheck:perl OK!
INFO - versionCheck:Checking if sed is installed.
INFO - versionCheck:Found it. Checking Version.
INFO - versionCheck:Checking version: Installed: 4 Needed: 4
INFO - versionCheck:sed OK!
INFO - versionCheck:Checking if tar is installed.
INFO - versionCheck:Found it. Checking Version.
INFO - versionCheck:Checking version: Installed: 1 Needed: 1
INFO - versionCheck:tar OK!
INFO - versionCheck:Checking if makeinfo is installed.
INFO - versionCheck:Found it. Checking Version.
INFO - versionCheck:Checking version: Installed: 6 Needed: 4
INFO - versionCheck:makeinfo OK!
INFO - versionCheck:Checking if xz is installed.
INFO - versionCheck:Found it. Checking Version.
INFO - versionCheck:Checking version: Installed: 5 Needed: 5
INFO - versionCheck:xz OK!
INFO - versionCheck:Checking if chown is installed.
INFO - versionCheck:Found it. Checking Version.
INFO - versionCheck:Checking version: Installed:  8 Needed: 6
INFO - versionCheck:chown OK!
INFO - versionCheck:Checking version: Installed: 4 Needed: 3
INFO - versionCheck:Linux version OK!.
INFO - versionCheck:yacc is bison (GNU Bison) 3.0.5
INFO - versionCheck:awk is symlink to gawk, good!
INFO - versionCheck:g++ compilation OK
